<?xml version="1.0" encoding="UTF-8"?>
<testng-results skipped="0" failed="0" ignored="0" total="1" passed="1">
  <reporter-output>
  </reporter-output>
  <suite name="Default suite" duration-ms="19866" started-at="2019-01-30T20:56:14Z" finished-at="2019-01-30T20:56:34Z">
    <groups>
    </groups>
    <test name="Default test" duration-ms="19866" started-at="2019-01-30T20:56:14Z" finished-at="2019-01-30T20:56:34Z">
      <class name="com.qa.hubspot.tests.DealsPageTests">
        <test-method status="PASS" signature="setUp()[pri:0, instance:com.qa.hubspot.tests.DealsPageTests@4501b7af]" name="setUp" is-config="true" duration-ms="14815" started-at="2019-01-30T20:56:14Z" finished-at="2019-01-30T20:56:29Z">
          <reporter-output>
          </reporter-output>
        </test-method> <!-- setUp -->
        <test-method status="PASS" signature="createNewDealsTest()[pri:0, instance:com.qa.hubspot.tests.DealsPageTests@4501b7af]" name="createNewDealsTest" duration-ms="4371" started-at="2019-01-30T20:56:29Z" finished-at="2019-01-30T20:56:33Z">
          <reporter-output>
          </reporter-output>
        </test-method> <!-- createNewDealsTest -->
        <test-method status="PASS" signature="tearDown()[pri:0, instance:com.qa.hubspot.tests.DealsPageTests@4501b7af]" name="tearDown" is-config="true" duration-ms="645" started-at="2019-01-30T20:56:33Z" finished-at="2019-01-30T20:56:34Z">
          <reporter-output>
          </reporter-output>
        </test-method> <!-- tearDown -->
      </class> <!-- com.qa.hubspot.tests.DealsPageTests -->
    </test> <!-- Default test -->
  </suite> <!-- Default suite -->
</testng-results>
